============================================================
  Generated by:           Genus(TM) Synthesis Solution 19.13-s073_1
  Generated on:           Jun 19 2021  10:40:08 pm
  Module:                 bound_flasher
  Technology libraries:   slow_1v0 
                          pll 0.0
                          CDK_S128x16 0.0
                          CDK_S256x16 0.0
                          CDK_R512x16 0.0
                          physical_cells 
  Operating conditions:   slow 
  Interconnect mode:      global
  Area mode:              physical library
============================================================

Timing
--------

Clock Period 
-------------
clk    880.0 


  Cost    Critical         Violating 
 Group   Path Slack  TNS     Paths   
-------------------------------------
clk             0.1   0.0          0 
default    No paths   0.0            
-------------------------------------
Total                 0.0          0 

Instance Count
--------------
Leaf Instance Count             118 
Physical Instance count           0 
Sequential Instance Count        19 
Combinational Instance Count     99 
Hierarchical Instance Count       0 

Area
----
Cell Area                          527.620
Physical Cell Area                 0.000
Total Cell Area (Cell+Physical)    527.620
Net Area                           147.828
Total Area (Cell+Physical+Net)     675.448

Runtime                            0.0 seconds
Elapsed Runtime                    33 seconds
Genus peak memory usage            1056.68 
Innovus peak memory usage          no_value 
Hostname                           ktmt
